<?xml version="1.0" encoding="UTF-8"?>
<!-- Generated by org.testng.reporters.JUnitXMLReporter -->
<testsuite ignored="0" hostname="DESKTOP-3EMGBI5" failures="5" tests="12" name="HGSHOP Test" time="141.23" errors="0" timestamp="05 Jan 2020 11:12:04 GMT">
  <testcase classname="Tests.ChartQuantityTest" name="Add500001ProductQuantity" time="10.766">
    <failure type="java.lang.AssertionError" message="expected [false] but found [true]">
      <![CDATA[java.lang.AssertionError: expected [false] but found [true]
at Tests.ChartQuantityTest.Add500001ProductQuantity(ChartQuantityTest.java:156)
... Removed 34 stack frames]]>
    </failure>
  </testcase> <!-- Add500001ProductQuantity -->
  <testcase classname="Tests.ChartQuantityTest" name="AddSameProductTwoTimes" time="7.781">
    <failure type="java.lang.AssertionError" message="expected [2] but found [1]">
      <![CDATA[java.lang.AssertionError: expected [2] but found [1]
at Tests.ChartQuantityTest.AddSameProductTwoTimes(ChartQuantityTest.java:175)
... Removed 34 stack frames]]>
    </failure>
  </testcase> <!-- AddSameProductTwoTimes -->
  <testcase classname="Tests.ChartQuantityTest" name="ChartQuantityTest_ContinueShopping" time="2.658"/>
  <testcase classname="Tests.ChartQuantityTest" name="ChartQuantityTest_ContinueShopping2" time="6.014">
    <failure type="java.lang.AssertionError" message="expected [2] but found [3]">
      <![CDATA[java.lang.AssertionError: expected [2] but found [3]
at Tests.ChartQuantityTest.ChartQuantityTest_ContinueShopping2(ChartQuantityTest.java:65)
... Removed 34 stack frames]]>
    </failure>
  </testcase> <!-- ChartQuantityTest_ContinueShopping2 -->
  <testcase classname="Tests.ChartQuantityTest" name="ChartQuantityTest_ContinueShopping_InsertedNumberOfProducts" time="2.732">
    <failure type="java.lang.AssertionError" message="expected [10] but found [1]">
      <![CDATA[java.lang.AssertionError: expected [10] but found [1]
at Tests.ChartQuantityTest.ChartQuantityTest_ContinueShopping_InsertedNumberOfProducts(ChartQuantityTest.java:126)
... Removed 34 stack frames]]>
    </failure>
  </testcase> <!-- ChartQuantityTest_ContinueShopping_InsertedNumberOfProducts -->
  <testcase classname="Tests.ChartQuantityTest" name="ChartQuantityTest_EndShopping" time="3.943"/>
  <testcase classname="Tests.ChartQuantityTest" name="ChartQuantityTest_EndShopping2" time="3.298"/>
  <testcase classname="Tests.ChartQuantityTest" name="ChartQuantityTest_EndShopping_InsertedNumberOfProducts" time="3.403">
    <failure type="java.lang.AssertionError" message="expected [10] but found [1]">
      <![CDATA[java.lang.AssertionError: expected [10] but found [1]
at Tests.ChartQuantityTest.ChartQuantityTest_EndShopping_InsertedNumberOfProducts(ChartQuantityTest.java:111)
... Removed 34 stack frames]]>
    </failure>
  </testcase> <!-- ChartQuantityTest_EndShopping_InsertedNumberOfProducts -->
  <testcase classname="Tests.LoginTest" name="LoginWithFalseUsername" time="1.321"/>
  <testcase classname="Tests.LoginTest" name="LoginWithRegisteredUsername" time="3.002"/>
  <testcase classname="Tests.LoginTest" name="LoginWithRegisteredUsername_FalsePassword" time="1.283"/>
  <testcase classname="Tests.LoginTest" name="SqlInjectionTest" time="1.217"/>
</testsuite> <!-- HGSHOP Test -->
