<?xml version="1.0" encoding="UTF-8"?>
<testsuite xmlns:xsi="http://www.w3.org/2001/XMLSchema-instance" xsi:schemaLocation="https://maven.apache.org/surefire/maven-surefire-plugin/xsd/surefire-test-report.xsd" name="TestSuite" time="142.138" tests="12" errors="0" skipped="0" failures="5">
  <properties>
[...]
</properties>
  <testcase name="Add500001ProductQuantity" classname="Tests.ChartQuantityTest" time="10.77">
    <failure message="expected [false] but found [true]" type="java.lang.AssertionError">java.lang.AssertionError: expected [false] but found [true]
	at Tests.ChartQuantityTest.Add500001ProductQuantity(ChartQuantityTest.java:156)
</failure>
    <system-err><![CDATA[Starting ChromeDriver 78.0.3904.105 (60e2d8774a8151efa6a00b1f358371b1e0e07ee2-refs/branch-heads/3904@{#877}) on port 9808
Only local connections are allowed.
Please protect ports used by ChromeDriver and related test frameworks to prevent access by malicious code.
[1578222585.083][WARNING]: This version of ChromeDriver has not been tested with Chrome version 79.
Jan 05, 2020 12:09:46 PM org.openqa.selenium.remote.ProtocolHandshake createSession
INFO: Detected dialect: W3C
]]></system-err>
  </testcase>
  <testcase name="AddSameProductTwoTimes" classname="Tests.ChartQuantityTest" time="7.781">
    <failure message="expected [2] but found [1]" type="java.lang.AssertionError">java.lang.AssertionError: expected [2] but found [1]
	at Tests.ChartQuantityTest.AddSameProductTwoTimes(ChartQuantityTest.java:175)
</failure>
    <system-err><![CDATA[Starting ChromeDriver 78.0.3904.105 (60e2d8774a8151efa6a00b1f358371b1e0e07ee2-refs/branch-heads/3904@{#877}) on port 10734
Only local connections are allowed.
Please protect ports used by ChromeDriver and related test frameworks to prevent access by malicious code.
[1578222602.694][WARNING]: This version of ChromeDriver has not been tested with Chrome version 79.
Jan 05, 2020 12:10:03 PM org.openqa.selenium.remote.ProtocolHandshake createSession
INFO: Detected dialect: W3C
]]></system-err>
  </testcase>
  <testcase name="ChartQuantityTest_ContinueShopping" classname="Tests.ChartQuantityTest" time="2.658"/>
  <testcase name="ChartQuantityTest_ContinueShopping2" classname="Tests.ChartQuantityTest" time="6.015">
    <failure message="expected [2] but found [3]" type="java.lang.AssertionError">java.lang.AssertionError: expected [2] but found [3]
	at Tests.ChartQuantityTest.ChartQuantityTest_ContinueShopping2(ChartQuantityTest.java:65)
</failure>
    <system-err><![CDATA[Starting ChromeDriver 78.0.3904.105 (60e2d8774a8151efa6a00b1f358371b1e0e07ee2-refs/branch-heads/3904@{#877}) on port 24421
Only local connections are allowed.
Please protect ports used by ChromeDriver and related test frameworks to prevent access by malicious code.
[1578222630.911][WARNING]: This version of ChromeDriver has not been tested with Chrome version 79.
Jan 05, 2020 12:10:31 PM org.openqa.selenium.remote.ProtocolHandshake createSession
INFO: Detected dialect: W3C
]]></system-err>
  </testcase>
  <testcase name="ChartQuantityTest_ContinueShopping_InsertedNumberOfProducts" classname="Tests.ChartQuantityTest" time="2.733">
    <failure message="expected [10] but found [1]" type="java.lang.AssertionError">java.lang.AssertionError: expected [10] but found [1]
	at Tests.ChartQuantityTest.ChartQuantityTest_ContinueShopping_InsertedNumberOfProducts(ChartQuantityTest.java:126)
</failure>
    <system-err><![CDATA[Starting ChromeDriver 78.0.3904.105 (60e2d8774a8151efa6a00b1f358371b1e0e07ee2-refs/branch-heads/3904@{#877}) on port 11135
Only local connections are allowed.
Please protect ports used by ChromeDriver and related test frameworks to prevent access by malicious code.
[1578222644.480][WARNING]: This version of ChromeDriver has not been tested with Chrome version 79.
Jan 05, 2020 12:10:45 PM org.openqa.selenium.remote.ProtocolHandshake createSession
INFO: Detected dialect: W3C
]]></system-err>
  </testcase>
  <testcase name="ChartQuantityTest_EndShopping" classname="Tests.ChartQuantityTest" time="3.944"/>
  <testcase name="ChartQuantityTest_EndShopping2" classname="Tests.ChartQuantityTest" time="3.298"/>
  <testcase name="ChartQuantityTest_EndShopping_InsertedNumberOfProducts" classname="Tests.ChartQuantityTest" time="3.404">
    <failure message="expected [10] but found [1]" type="java.lang.AssertionError">java.lang.AssertionError: expected [10] but found [1]
	at Tests.ChartQuantityTest.ChartQuantityTest_EndShopping_InsertedNumberOfProducts(ChartQuantityTest.java:111)
</failure>
    <system-err><![CDATA[Starting ChromeDriver 78.0.3904.105 (60e2d8774a8151efa6a00b1f358371b1e0e07ee2-refs/branch-heads/3904@{#877}) on port 3067
Only local connections are allowed.
Please protect ports used by ChromeDriver and related test frameworks to prevent access by malicious code.
[1578222682.015][WARNING]: This version of ChromeDriver has not been tested with Chrome version 79.
Jan 05, 2020 12:11:23 PM org.openqa.selenium.remote.ProtocolHandshake createSession
INFO: Detected dialect: W3C
]]></system-err>
  </testcase>
  <testcase name="LoginWithFalseUsername" classname="Tests.LoginTest" time="1.32"/>
  <testcase name="LoginWithRegisteredUsername" classname="Tests.LoginTest" time="3.004"/>
  <testcase name="LoginWithRegisteredUsername_FalsePassword" classname="Tests.LoginTest" time="1.283"/>
  <testcase name="SqlInjectionTest" classname="Tests.LoginTest" time="1.217"/>
</testsuite>